2022-12-20 14:59:35,030:DEBUG::
2022-12-20 14:59:35,030:DEBUG::====================================================================================================
2022-12-20 14:59:35,031:INFO::Database logger :: Logging Active
2022-12-20 14:59:35,031:DEBUG::
2022-12-20 15:02:02,915:DEBUG::
2022-12-20 15:02:02,915:DEBUG::====================================================================================================
2022-12-20 15:02:02,916:INFO::Database logger :: Logging Active
2022-12-20 15:02:02,916:DEBUG::
2022-12-20 15:02:51,207:DEBUG::
2022-12-20 15:02:51,207:DEBUG::====================================================================================================
2022-12-20 15:02:51,208:INFO::Database logger :: Logging Active
2022-12-20 15:02:51,211:DEBUG::
2022-12-20 15:02:52,456:DEBUG::
2022-12-20 15:02:52,457:DEBUG::====================================================================================================
2022-12-20 15:02:52,457:INFO::Database logger :: Logging Active
2022-12-20 15:02:52,458:DEBUG::
2022-12-20 15:04:58,587:DEBUG::
2022-12-20 15:04:58,588:DEBUG::====================================================================================================
2022-12-20 15:04:58,588:INFO::Database logger :: Logging Active
2022-12-20 15:04:58,588:DEBUG::
2022-12-20 15:06:37,217:DEBUG::
2022-12-20 15:06:37,217:DEBUG::====================================================================================================
2022-12-20 15:06:37,217:INFO::Database logger :: Logging Active
2022-12-20 15:06:37,218:DEBUG::
2022-12-20 15:10:43,782:DEBUG::
2022-12-20 15:10:43,782:DEBUG::====================================================================================================
2022-12-20 15:10:43,783:INFO::Database logger :: Logging Active
2022-12-20 15:10:43,783:DEBUG::
2022-12-20 15:12:36,412:DEBUG::
2022-12-20 15:12:36,413:DEBUG::====================================================================================================
2022-12-20 15:12:36,413:INFO::Database logger :: Logging Active
2022-12-20 15:12:36,414:DEBUG::
2022-12-20 15:14:51,699:DEBUG::
2022-12-20 15:14:51,699:DEBUG::====================================================================================================
2022-12-20 15:14:51,700:INFO::Database logger :: Logging Active
2022-12-20 15:14:51,700:DEBUG::
2022-12-20 15:26:19,021:DEBUG::
2022-12-20 15:26:19,021:DEBUG::====================================================================================================
2022-12-20 15:26:19,021:INFO::Database logger :: Logging Active
2022-12-20 15:26:19,022:DEBUG::
2022-12-20 15:31:31,497:DEBUG::
2022-12-20 15:31:31,497:DEBUG::====================================================================================================
2022-12-20 15:31:31,498:INFO::Database logger :: Logging Active
2022-12-20 15:31:31,498:DEBUG::
2022-12-20 15:36:12,019:DEBUG::
2022-12-20 15:36:12,020:DEBUG::====================================================================================================
2022-12-20 15:36:12,020:INFO::Database logger :: Logging Active
2022-12-20 15:36:12,021:DEBUG::
2022-12-20 18:36:49,693:DEBUG::
2022-12-20 18:36:49,694:DEBUG::====================================================================================================
2022-12-20 18:36:49,694:INFO::Database logger :: Logging Active
2022-12-20 18:36:49,695:DEBUG::
2022-12-20 18:37:22,664:DEBUG::
2022-12-20 18:37:22,664:DEBUG::====================================================================================================
2022-12-20 18:37:22,664:INFO::Database logger :: Logging Active
2022-12-20 18:37:22,665:DEBUG::
2022-12-20 18:50:14,851:DEBUG::
2022-12-20 18:50:14,852:DEBUG::====================================================================================================
2022-12-20 18:50:14,852:INFO::Database logger :: Logging Active
2022-12-20 18:50:14,853:DEBUG::
2022-12-20 18:51:00,117:DEBUG::
2022-12-20 18:51:00,117:DEBUG::====================================================================================================
2022-12-20 18:51:00,118:INFO::Database logger :: Logging Active
2022-12-20 18:51:00,118:DEBUG::
2022-12-20 18:51:55,562:DEBUG::
2022-12-20 18:51:55,562:DEBUG::====================================================================================================
2022-12-20 18:51:55,562:INFO::Database logger :: Logging Active
2022-12-20 18:51:55,563:DEBUG::
2022-12-20 18:54:04,332:DEBUG::
2022-12-20 18:54:04,332:DEBUG::====================================================================================================
2022-12-20 18:54:04,333:INFO::Database logger :: Logging Active
2022-12-20 18:54:04,333:DEBUG::
2022-12-20 18:57:43,134:DEBUG::
2022-12-20 18:57:43,134:DEBUG::====================================================================================================
2022-12-20 18:57:43,135:INFO::Database logger :: Logging Active
2022-12-20 18:57:43,135:DEBUG::
2022-12-20 18:59:14,272:DEBUG::
2022-12-20 18:59:14,272:DEBUG::====================================================================================================
2022-12-20 18:59:14,273:INFO::Database logger :: Logging Active
2022-12-20 18:59:14,273:DEBUG::
2022-12-20 19:14:40,619:DEBUG::
2022-12-20 19:14:40,620:DEBUG::====================================================================================================
2022-12-20 19:14:40,620:INFO::Database logger :: Logging Active
2022-12-20 19:14:40,621:DEBUG::
2022-12-20 19:14:41,846:DEBUG::
2022-12-20 19:14:41,847:DEBUG::====================================================================================================
2022-12-20 19:14:41,847:INFO::Database logger :: Logging Active
2022-12-20 19:14:41,848:DEBUG::
2022-12-20 19:18:43,245:DEBUG::
2022-12-20 19:18:43,245:DEBUG::====================================================================================================
2022-12-20 19:18:43,246:INFO::Database logger :: Logging Active
2022-12-20 19:18:43,246:DEBUG::
2022-12-20 19:19:12,135:DEBUG::
2022-12-20 19:19:12,135:DEBUG::====================================================================================================
2022-12-20 19:19:12,135:INFO::Database logger :: Logging Active
2022-12-20 19:19:12,136:DEBUG::
2022-12-20 22:45:39,952:DEBUG::
2022-12-20 22:45:39,953:DEBUG::====================================================================================================
2022-12-20 22:45:39,953:INFO::Database logger :: Logging Active
2022-12-20 22:45:39,954:DEBUG::
2022-12-20 22:46:33,407:DEBUG::
2022-12-20 22:46:33,408:DEBUG::====================================================================================================
2022-12-20 22:46:33,408:INFO::Database logger :: Logging Active
2022-12-20 22:46:33,409:DEBUG::
2022-12-20 23:09:34,867:DEBUG::
2022-12-20 23:09:34,868:DEBUG::====================================================================================================
2022-12-20 23:09:34,868:INFO::Database logger :: Logging Active
2022-12-20 23:09:34,869:DEBUG::
2022-12-20 23:15:39,531:DEBUG::
2022-12-20 23:15:39,531:DEBUG::====================================================================================================
2022-12-20 23:15:39,532:INFO::Database logger :: Logging Active
2022-12-20 23:15:39,533:DEBUG::
2022-12-20 23:16:06,426:DEBUG::
2022-12-20 23:16:06,427:DEBUG::====================================================================================================
2022-12-20 23:16:06,427:INFO::Database logger :: Logging Active
2022-12-20 23:16:06,428:DEBUG::
2022-12-21 00:49:41,108:DEBUG::
2022-12-21 00:49:41,109:DEBUG::====================================================================================================
2022-12-21 00:49:41,109:INFO::Database logger :: Logging Active
2022-12-21 00:49:41,110:DEBUG::
2022-12-21 00:50:57,975:DEBUG::
2022-12-21 00:50:57,975:DEBUG::====================================================================================================
2022-12-21 00:50:57,976:INFO::Database logger :: Logging Active
2022-12-21 00:50:57,976:DEBUG::
2022-12-21 00:50:59,155:DEBUG::
2022-12-21 00:50:59,155:DEBUG::====================================================================================================
2022-12-21 00:50:59,156:INFO::Database logger :: Logging Active
2022-12-21 00:50:59,156:DEBUG::
2022-12-21 00:51:33,931:DEBUG::
2022-12-21 00:51:33,932:DEBUG::====================================================================================================
2022-12-21 00:51:33,932:INFO::Database logger :: Logging Active
2022-12-21 00:51:33,932:DEBUG::
2022-12-21 00:55:35,686:DEBUG::
2022-12-21 00:55:35,687:DEBUG::====================================================================================================
2022-12-21 00:55:35,687:INFO::Database logger :: Logging Active
2022-12-21 00:55:35,687:DEBUG::
2022-12-21 02:13:31,261:ERROR::Could not determine join condition between parent/child tables on relationship Blog.Comments - there are no foreign keys linking these tables.  Ensure that referencing columns are associated with a ForeignKey or ForeignKeyConstraint, or specify a 'primaryjoin' expression.
Traceback (most recent call last):
  File "C:\Users\Adefolahan\miniconda3\envs\blog\lib\site-packages\sqlalchemy\orm\relationships.py", line 2756, in _determine_joins
    self.primaryjoin = join_condition(
  File "<string>", line 2, in join_condition
  File "C:\Users\Adefolahan\miniconda3\envs\blog\lib\site-packages\sqlalchemy\sql\selectable.py", line 1229, in _join_condition
    raise exc.NoForeignKeysError(
sqlalchemy.exc.NoForeignKeysError: Can't find any foreign key relationships between 'blog' and 'comment'.

The above exception was the direct cause of the following exception:

Traceback (most recent call last):
  File "C:\Users\Adefolahan\Downloads\WA_AGRO-20221218T221833Z-001\BLOG\app\model.py", line 142, in mail_is_available
    is_available = db.session.query(Blogger).filter(Blogger.Email == email).first()
  File "<string>", line 2, in query
  File "C:\Users\Adefolahan\miniconda3\envs\blog\lib\site-packages\sqlalchemy\orm\session.py", line 2161, in query
    return self._query_cls(entities, self, **kwargs)
  File "C:\Users\Adefolahan\miniconda3\envs\blog\lib\site-packages\sqlalchemy\orm\query.py", line 180, in __init__
    self._set_entities(entities)
  File "C:\Users\Adefolahan\miniconda3\envs\blog\lib\site-packages\sqlalchemy\orm\query.py", line 187, in _set_entities
    self._raw_columns = [
  File "C:\Users\Adefolahan\miniconda3\envs\blog\lib\site-packages\sqlalchemy\orm\query.py", line 188, in <listcomp>
    coercions.expect(
  File "C:\Users\Adefolahan\miniconda3\envs\blog\lib\site-packages\sqlalchemy\sql\coercions.py", line 181, in expect
    insp._post_inspect
  File "C:\Users\Adefolahan\miniconda3\envs\blog\lib\site-packages\sqlalchemy\util\langhelpers.py", line 1184, in __get__
    obj.__dict__[self.__name__] = result = self.fget(obj)
  File "C:\Users\Adefolahan\miniconda3\envs\blog\lib\site-packages\sqlalchemy\orm\mapper.py", line 2199, in _post_inspect
    self._check_configure()
  File "C:\Users\Adefolahan\miniconda3\envs\blog\lib\site-packages\sqlalchemy\orm\mapper.py", line 1941, in _check_configure
    _configure_registries({self.registry}, cascade=True)
  File "C:\Users\Adefolahan\miniconda3\envs\blog\lib\site-packages\sqlalchemy\orm\mapper.py", line 3527, in _configure_registries
    _do_configure_registries(registries, cascade)
  File "C:\Users\Adefolahan\miniconda3\envs\blog\lib\site-packages\sqlalchemy\orm\mapper.py", line 3566, in _do_configure_registries
    mapper._post_configure_properties()
  File "C:\Users\Adefolahan\miniconda3\envs\blog\lib\site-packages\sqlalchemy\orm\mapper.py", line 1958, in _post_configure_properties
    prop.init()
  File "C:\Users\Adefolahan\miniconda3\envs\blog\lib\site-packages\sqlalchemy\orm\interfaces.py", line 231, in init
    self.do_init()
  File "C:\Users\Adefolahan\miniconda3\envs\blog\lib\site-packages\sqlalchemy\orm\relationships.py", line 2154, in do_init
    self._setup_join_conditions()
  File "C:\Users\Adefolahan\miniconda3\envs\blog\lib\site-packages\sqlalchemy\orm\relationships.py", line 2250, in _setup_join_conditions
    self._join_condition = jc = JoinCondition(
  File "C:\Users\Adefolahan\miniconda3\envs\blog\lib\site-packages\sqlalchemy\orm\relationships.py", line 2645, in __init__
    self._determine_joins()
  File "C:\Users\Adefolahan\miniconda3\envs\blog\lib\site-packages\sqlalchemy\orm\relationships.py", line 2778, in _determine_joins
    util.raise_(
  File "C:\Users\Adefolahan\miniconda3\envs\blog\lib\site-packages\sqlalchemy\util\compat.py", line 211, in raise_
    raise exception
sqlalchemy.exc.NoForeignKeysError: Could not determine join condition between parent/child tables on relationship Blog.Comments - there are no foreign keys linking these tables.  Ensure that referencing columns are associated with a ForeignKey or ForeignKeyConstraint, or specify a 'primaryjoin' expression.
2022-12-21 02:14:09,383:ERROR::One or more mappers failed to initialize - can't proceed with initialization of other mappers. Triggering mapper: 'mapped class Blog->blog'. Original exception was: Could not determine join condition between parent/child tables on relationship Blog.Comments - there are no foreign keys linking these tables.  Ensure that referencing columns are associated with a ForeignKey or ForeignKeyConstraint, or specify a 'primaryjoin' expression.
Traceback (most recent call last):
  File "C:\Users\Adefolahan\Downloads\WA_AGRO-20221218T221833Z-001\BLOG\app\model.py", line 142, in mail_is_available
    is_available = db.session.query(Blogger).filter(Blogger.Email == email).first()
  File "<string>", line 2, in query
  File "C:\Users\Adefolahan\miniconda3\envs\blog\lib\site-packages\sqlalchemy\orm\session.py", line 2161, in query
    return self._query_cls(entities, self, **kwargs)
  File "C:\Users\Adefolahan\miniconda3\envs\blog\lib\site-packages\sqlalchemy\orm\query.py", line 180, in __init__
    self._set_entities(entities)
  File "C:\Users\Adefolahan\miniconda3\envs\blog\lib\site-packages\sqlalchemy\orm\query.py", line 187, in _set_entities
    self._raw_columns = [
  File "C:\Users\Adefolahan\miniconda3\envs\blog\lib\site-packages\sqlalchemy\orm\query.py", line 188, in <listcomp>
    coercions.expect(
  File "C:\Users\Adefolahan\miniconda3\envs\blog\lib\site-packages\sqlalchemy\sql\coercions.py", line 181, in expect
    insp._post_inspect
  File "C:\Users\Adefolahan\miniconda3\envs\blog\lib\site-packages\sqlalchemy\util\langhelpers.py", line 1184, in __get__
    obj.__dict__[self.__name__] = result = self.fget(obj)
  File "C:\Users\Adefolahan\miniconda3\envs\blog\lib\site-packages\sqlalchemy\orm\mapper.py", line 2199, in _post_inspect
    self._check_configure()
  File "C:\Users\Adefolahan\miniconda3\envs\blog\lib\site-packages\sqlalchemy\orm\mapper.py", line 1941, in _check_configure
    _configure_registries({self.registry}, cascade=True)
  File "C:\Users\Adefolahan\miniconda3\envs\blog\lib\site-packages\sqlalchemy\orm\mapper.py", line 3527, in _configure_registries
    _do_configure_registries(registries, cascade)
  File "C:\Users\Adefolahan\miniconda3\envs\blog\lib\site-packages\sqlalchemy\orm\mapper.py", line 3562, in _do_configure_registries
    raise e
sqlalchemy.exc.InvalidRequestError: One or more mappers failed to initialize - can't proceed with initialization of other mappers. Triggering mapper: 'mapped class Blog->blog'. Original exception was: Could not determine join condition between parent/child tables on relationship Blog.Comments - there are no foreign keys linking these tables.  Ensure that referencing columns are associated with a ForeignKey or ForeignKeyConstraint, or specify a 'primaryjoin' expression.
2022-12-21 02:15:20,651:DEBUG::
2022-12-21 02:15:20,652:DEBUG::====================================================================================================
2022-12-21 02:15:20,652:INFO::Database logger :: Logging Active
2022-12-21 02:15:20,652:DEBUG::
2022-12-21 02:23:05,177:DEBUG::
2022-12-21 02:23:05,177:DEBUG::====================================================================================================
2022-12-21 02:23:05,177:INFO::Database logger :: Logging Active
2022-12-21 02:23:05,178:DEBUG::
2022-12-21 02:26:48,407:DEBUG::
2022-12-21 02:26:48,408:DEBUG::====================================================================================================
2022-12-21 02:26:48,408:INFO::Database logger :: Logging Active
2022-12-21 02:26:48,408:DEBUG::
2022-12-21 02:28:08,235:DEBUG::
2022-12-21 02:28:08,235:DEBUG::====================================================================================================
2022-12-21 02:28:08,236:INFO::Database logger :: Logging Active
2022-12-21 02:28:08,236:DEBUG::
2022-12-21 02:29:27,297:DEBUG::
2022-12-21 02:29:27,297:DEBUG::====================================================================================================
2022-12-21 02:29:27,297:INFO::Database logger :: Logging Active
2022-12-21 02:29:27,298:DEBUG::
2022-12-21 02:29:35,319:DEBUG::
2022-12-21 02:29:35,320:DEBUG::====================================================================================================
2022-12-21 02:29:35,320:INFO::Database logger :: Logging Active
2022-12-21 02:29:35,320:DEBUG::
2022-12-21 23:11:15,892:DEBUG::
2022-12-21 23:11:15,892:DEBUG::====================================================================================================
2022-12-21 23:11:15,893:INFO::Database logger :: Logging Active
2022-12-21 23:11:15,893:DEBUG::
2022-12-21 23:12:22,880:DEBUG::
2022-12-21 23:12:22,880:DEBUG::====================================================================================================
2022-12-21 23:12:22,881:INFO::Database logger :: Logging Active
2022-12-21 23:12:22,881:DEBUG::
2022-12-21 23:14:03,971:DEBUG::
2022-12-21 23:14:03,973:DEBUG::====================================================================================================
2022-12-21 23:14:03,973:INFO::Database logger :: Logging Active
2022-12-21 23:14:03,973:DEBUG::
2022-12-21 23:29:40,036:DEBUG::
2022-12-21 23:29:40,037:DEBUG::====================================================================================================
2022-12-21 23:29:40,037:INFO::Database logger :: Logging Active
2022-12-21 23:29:40,038:DEBUG::
2022-12-21 23:34:35,164:DEBUG::
2022-12-21 23:34:35,164:DEBUG::====================================================================================================
2022-12-21 23:34:35,165:INFO::Database logger :: Logging Active
2022-12-21 23:34:35,165:DEBUG::
2022-12-21 23:34:36,347:DEBUG::
2022-12-21 23:34:36,347:DEBUG::====================================================================================================
2022-12-21 23:34:36,348:INFO::Database logger :: Logging Active
2022-12-21 23:34:36,348:DEBUG::
2022-12-21 23:41:21,314:ERROR::When initializing mapper mapped class Posts->posts, expression 'Comment' failed to locate a name ('Comment'). If this is a class name, consider adding this relationship() to the <class 'app.model.Posts'> class after both dependent classes have been defined.
Traceback (most recent call last):
  File "C:\Users\Adefolahan\miniconda3\envs\blog\lib\site-packages\sqlalchemy\orm\clsregistry.py", line 393, in _resolve_name
    rval = d[token]
  File "C:\Users\Adefolahan\miniconda3\envs\blog\lib\site-packages\sqlalchemy\util\_collections.py", line 746, in __missing__
    self[key] = val = self.creator(key)
  File "C:\Users\Adefolahan\miniconda3\envs\blog\lib\site-packages\sqlalchemy\orm\clsregistry.py", line 372, in _access_cls
    return self.fallback[key]
KeyError: 'Comment'

The above exception was the direct cause of the following exception:

Traceback (most recent call last):
  File "C:\Users\Adefolahan\Downloads\WA_AGRO-20221218T221833Z-001\BLOG\app\model.py", line 144, in mail_is_available
    is_available = db.session.query(Blogger).filter(Blogger.Email == email).first()
  File "<string>", line 2, in query
  File "C:\Users\Adefolahan\miniconda3\envs\blog\lib\site-packages\sqlalchemy\orm\session.py", line 2161, in query
    return self._query_cls(entities, self, **kwargs)
  File "C:\Users\Adefolahan\miniconda3\envs\blog\lib\site-packages\sqlalchemy\orm\query.py", line 180, in __init__
    self._set_entities(entities)
  File "C:\Users\Adefolahan\miniconda3\envs\blog\lib\site-packages\sqlalchemy\orm\query.py", line 187, in _set_entities
    self._raw_columns = [
  File "C:\Users\Adefolahan\miniconda3\envs\blog\lib\site-packages\sqlalchemy\orm\query.py", line 188, in <listcomp>
    coercions.expect(
  File "C:\Users\Adefolahan\miniconda3\envs\blog\lib\site-packages\sqlalchemy\sql\coercions.py", line 181, in expect
    insp._post_inspect
  File "C:\Users\Adefolahan\miniconda3\envs\blog\lib\site-packages\sqlalchemy\util\langhelpers.py", line 1184, in __get__
    obj.__dict__[self.__name__] = result = self.fget(obj)
  File "C:\Users\Adefolahan\miniconda3\envs\blog\lib\site-packages\sqlalchemy\orm\mapper.py", line 2199, in _post_inspect
    self._check_configure()
  File "C:\Users\Adefolahan\miniconda3\envs\blog\lib\site-packages\sqlalchemy\orm\mapper.py", line 1941, in _check_configure
    _configure_registries({self.registry}, cascade=True)
  File "C:\Users\Adefolahan\miniconda3\envs\blog\lib\site-packages\sqlalchemy\orm\mapper.py", line 3527, in _configure_registries
    _do_configure_registries(registries, cascade)
  File "C:\Users\Adefolahan\miniconda3\envs\blog\lib\site-packages\sqlalchemy\orm\mapper.py", line 3566, in _do_configure_registries
    mapper._post_configure_properties()
  File "C:\Users\Adefolahan\miniconda3\envs\blog\lib\site-packages\sqlalchemy\orm\mapper.py", line 1958, in _post_configure_properties
    prop.init()
  File "C:\Users\Adefolahan\miniconda3\envs\blog\lib\site-packages\sqlalchemy\orm\interfaces.py", line 231, in init
    self.do_init()
  File "C:\Users\Adefolahan\miniconda3\envs\blog\lib\site-packages\sqlalchemy\orm\relationships.py", line 2152, in do_init
    self._process_dependent_arguments()
  File "C:\Users\Adefolahan\miniconda3\envs\blog\lib\site-packages\sqlalchemy\orm\relationships.py", line 2247, in _process_dependent_arguments
    self.target = self.entity.persist_selectable
  File "C:\Users\Adefolahan\miniconda3\envs\blog\lib\site-packages\sqlalchemy\util\langhelpers.py", line 1113, in __get__
    obj.__dict__[self.__name__] = result = self.fget(obj)
  File "C:\Users\Adefolahan\miniconda3\envs\blog\lib\site-packages\sqlalchemy\orm\relationships.py", line 2114, in entity
    argument = self._clsregistry_resolve_name(self.argument)()
  File "C:\Users\Adefolahan\miniconda3\envs\blog\lib\site-packages\sqlalchemy\orm\clsregistry.py", line 397, in _resolve_name
    self._raise_for_name(name, err)
  File "C:\Users\Adefolahan\miniconda3\envs\blog\lib\site-packages\sqlalchemy\orm\clsregistry.py", line 375, in _raise_for_name
    util.raise_(
  File "C:\Users\Adefolahan\miniconda3\envs\blog\lib\site-packages\sqlalchemy\util\compat.py", line 211, in raise_
    raise exception
sqlalchemy.exc.InvalidRequestError: When initializing mapper mapped class Posts->posts, expression 'Comment' failed to locate a name ('Comment'). If this is a class name, consider adding this relationship() to the <class 'app.model.Posts'> class after both dependent classes have been defined.
2022-12-21 23:45:20,718:ERROR::One or more mappers failed to initialize - can't proceed with initialization of other mappers. Triggering mapper: 'mapped class Posts->posts'. Original exception was: When initializing mapper mapped class Posts->posts, expression 'Comment' failed to locate a name ('Comment'). If this is a class name, consider adding this relationship() to the <class 'app.model.Posts'> class after both dependent classes have been defined.
Traceback (most recent call last):
  File "C:\Users\Adefolahan\Downloads\WA_AGRO-20221218T221833Z-001\BLOG\app\model.py", line 144, in mail_is_available
    is_available = db.session.query(Blogger).filter(Blogger.Email == email).first()
  File "<string>", line 2, in query
  File "C:\Users\Adefolahan\miniconda3\envs\blog\lib\site-packages\sqlalchemy\orm\session.py", line 2161, in query
    return self._query_cls(entities, self, **kwargs)
  File "C:\Users\Adefolahan\miniconda3\envs\blog\lib\site-packages\sqlalchemy\orm\query.py", line 180, in __init__
    self._set_entities(entities)
  File "C:\Users\Adefolahan\miniconda3\envs\blog\lib\site-packages\sqlalchemy\orm\query.py", line 187, in _set_entities
    self._raw_columns = [
  File "C:\Users\Adefolahan\miniconda3\envs\blog\lib\site-packages\sqlalchemy\orm\query.py", line 188, in <listcomp>
    coercions.expect(
  File "C:\Users\Adefolahan\miniconda3\envs\blog\lib\site-packages\sqlalchemy\sql\coercions.py", line 181, in expect
    insp._post_inspect
  File "C:\Users\Adefolahan\miniconda3\envs\blog\lib\site-packages\sqlalchemy\util\langhelpers.py", line 1184, in __get__
    obj.__dict__[self.__name__] = result = self.fget(obj)
  File "C:\Users\Adefolahan\miniconda3\envs\blog\lib\site-packages\sqlalchemy\orm\mapper.py", line 2199, in _post_inspect
    self._check_configure()
  File "C:\Users\Adefolahan\miniconda3\envs\blog\lib\site-packages\sqlalchemy\orm\mapper.py", line 1941, in _check_configure
    _configure_registries({self.registry}, cascade=True)
  File "C:\Users\Adefolahan\miniconda3\envs\blog\lib\site-packages\sqlalchemy\orm\mapper.py", line 3527, in _configure_registries
    _do_configure_registries(registries, cascade)
  File "C:\Users\Adefolahan\miniconda3\envs\blog\lib\site-packages\sqlalchemy\orm\mapper.py", line 3562, in _do_configure_registries
    raise e
sqlalchemy.exc.InvalidRequestError: One or more mappers failed to initialize - can't proceed with initialization of other mappers. Triggering mapper: 'mapped class Posts->posts'. Original exception was: When initializing mapper mapped class Posts->posts, expression 'Comment' failed to locate a name ('Comment'). If this is a class name, consider adding this relationship() to the <class 'app.model.Posts'> class after both dependent classes have been defined.
2022-12-21 23:48:54,271:DEBUG::
2022-12-21 23:48:54,272:DEBUG::====================================================================================================
2022-12-21 23:48:54,272:INFO::Database logger :: Logging Active
2022-12-21 23:48:54,273:DEBUG::
2022-12-21 23:49:51,705:DEBUG::
2022-12-21 23:49:51,705:DEBUG::====================================================================================================
2022-12-21 23:49:51,706:INFO::Database logger :: Logging Active
2022-12-21 23:49:51,706:DEBUG::
2022-12-21 23:54:14,448:DEBUG::
2022-12-21 23:54:14,449:DEBUG::====================================================================================================
2022-12-21 23:54:14,449:INFO::Database logger :: Logging Active
2022-12-21 23:54:14,449:DEBUG::
2022-12-22 00:00:32,297:DEBUG::
2022-12-22 00:00:32,297:DEBUG::====================================================================================================
2022-12-22 00:00:32,298:INFO::Database logger :: Logging Active
2022-12-22 00:00:32,298:DEBUG::
2022-12-22 00:28:03,396:DEBUG::
2022-12-22 00:28:03,396:DEBUG::====================================================================================================
2022-12-22 00:28:03,397:INFO::Database logger :: Logging Active
2022-12-22 00:28:03,397:DEBUG::
2022-12-22 00:28:52,244:ERROR::(sqlite3.InterfaceError) Error binding parameter 4 - probably unsupported type.
[SQL: INSERT INTO blogger ("Name", "Email", "Password", "Position", "Blogger_id") VALUES (?, ?, ?, ?, ?)]
[parameters: ('Adefolahan Akinsola', 'adefolahanakinsola@gmail.com', 'pbkdf2:sha512:80000$xBEoLg2kiC9Ga7jj$692e870ff16ae7805c7d6f6623026b3da6db2cd2a2e2b301f776fbadad08cf01cc236f14b979985886d2565db42f95db45e6e0eb52a726026626c44f055ac5c9', 'Proof Reader', UUID('d892c9a5-ee37-46b8-8fb2-d02b5aa999e5'))]
(Background on this error at: https://sqlalche.me/e/14/rvf5)
Traceback (most recent call last):
  File "C:\Users\Adefolahan\miniconda3\envs\blog\lib\site-packages\sqlalchemy\engine\base.py", line 1900, in _execute_context
    self.dialect.do_execute(
  File "C:\Users\Adefolahan\miniconda3\envs\blog\lib\site-packages\sqlalchemy\engine\default.py", line 736, in do_execute
    cursor.execute(statement, parameters)
sqlite3.InterfaceError: Error binding parameter 4 - probably unsupported type.

The above exception was the direct cause of the following exception:

Traceback (most recent call last):
  File "C:\Users\Adefolahan\Downloads\WA_AGRO-20221218T221833Z-001\BLOG\app\model.py", line 101, in add_blogger
    db.session.commit()
  File "<string>", line 2, in commit
  File "C:\Users\Adefolahan\miniconda3\envs\blog\lib\site-packages\sqlalchemy\orm\session.py", line 1451, in commit
    self._transaction.commit(_to_root=self.future)
  File "C:\Users\Adefolahan\miniconda3\envs\blog\lib\site-packages\sqlalchemy\orm\session.py", line 829, in commit
    self._prepare_impl()
  File "C:\Users\Adefolahan\miniconda3\envs\blog\lib\site-packages\sqlalchemy\orm\session.py", line 808, in _prepare_impl
    self.session.flush()
  File "C:\Users\Adefolahan\miniconda3\envs\blog\lib\site-packages\sqlalchemy\orm\session.py", line 3444, in flush
    self._flush(objects)
  File "C:\Users\Adefolahan\miniconda3\envs\blog\lib\site-packages\sqlalchemy\orm\session.py", line 3584, in _flush
    transaction.rollback(_capture_exception=True)
  File "C:\Users\Adefolahan\miniconda3\envs\blog\lib\site-packages\sqlalchemy\util\langhelpers.py", line 70, in __exit__
    compat.raise_(
  File "C:\Users\Adefolahan\miniconda3\envs\blog\lib\site-packages\sqlalchemy\util\compat.py", line 211, in raise_
    raise exception
  File "C:\Users\Adefolahan\miniconda3\envs\blog\lib\site-packages\sqlalchemy\orm\session.py", line 3544, in _flush
    flush_context.execute()
  File "C:\Users\Adefolahan\miniconda3\envs\blog\lib\site-packages\sqlalchemy\orm\unitofwork.py", line 456, in execute
    rec.execute(self)
  File "C:\Users\Adefolahan\miniconda3\envs\blog\lib\site-packages\sqlalchemy\orm\unitofwork.py", line 630, in execute
    util.preloaded.orm_persistence.save_obj(
  File "C:\Users\Adefolahan\miniconda3\envs\blog\lib\site-packages\sqlalchemy\orm\persistence.py", line 245, in save_obj
    _emit_insert_statements(
  File "C:\Users\Adefolahan\miniconda3\envs\blog\lib\site-packages\sqlalchemy\orm\persistence.py", line 1238, in _emit_insert_statements
    result = connection._execute_20(
  File "C:\Users\Adefolahan\miniconda3\envs\blog\lib\site-packages\sqlalchemy\engine\base.py", line 1705, in _execute_20
    return meth(self, args_10style, kwargs_10style, execution_options)
  File "C:\Users\Adefolahan\miniconda3\envs\blog\lib\site-packages\sqlalchemy\sql\elements.py", line 334, in _execute_on_connection
    return connection._execute_clauseelement(
  File "C:\Users\Adefolahan\miniconda3\envs\blog\lib\site-packages\sqlalchemy\engine\base.py", line 1572, in _execute_clauseelement
    ret = self._execute_context(
  File "C:\Users\Adefolahan\miniconda3\envs\blog\lib\site-packages\sqlalchemy\engine\base.py", line 1943, in _execute_context
    self._handle_dbapi_exception(
  File "C:\Users\Adefolahan\miniconda3\envs\blog\lib\site-packages\sqlalchemy\engine\base.py", line 2124, in _handle_dbapi_exception
    util.raise_(
  File "C:\Users\Adefolahan\miniconda3\envs\blog\lib\site-packages\sqlalchemy\util\compat.py", line 211, in raise_
    raise exception
  File "C:\Users\Adefolahan\miniconda3\envs\blog\lib\site-packages\sqlalchemy\engine\base.py", line 1900, in _execute_context
    self.dialect.do_execute(
  File "C:\Users\Adefolahan\miniconda3\envs\blog\lib\site-packages\sqlalchemy\engine\default.py", line 736, in do_execute
    cursor.execute(statement, parameters)
sqlalchemy.exc.InterfaceError: (sqlite3.InterfaceError) Error binding parameter 4 - probably unsupported type.
[SQL: INSERT INTO blogger ("Name", "Email", "Password", "Position", "Blogger_id") VALUES (?, ?, ?, ?, ?)]
[parameters: ('Adefolahan Akinsola', 'adefolahanakinsola@gmail.com', 'pbkdf2:sha512:80000$xBEoLg2kiC9Ga7jj$692e870ff16ae7805c7d6f6623026b3da6db2cd2a2e2b301f776fbadad08cf01cc236f14b979985886d2565db42f95db45e6e0eb52a726026626c44f055ac5c9', 'Proof Reader', UUID('d892c9a5-ee37-46b8-8fb2-d02b5aa999e5'))]
(Background on this error at: https://sqlalche.me/e/14/rvf5)
2022-12-22 00:31:24,323:ERROR::(sqlite3.InterfaceError) Error binding parameter 4 - probably unsupported type.
[SQL: INSERT INTO blogger ("Name", "Email", "Password", "Position", "Blogger_id") VALUES (?, ?, ?, ?, ?)]
[parameters: ('Adefolahan Akinsola', 'adefolahanakinsola@gmail.com', 'pbkdf2:sha512:80000$kpjJDdEmxF2bHQt4$24499a6f91cfaed5496056e2f1e05b77aa78fc6a710c57ea5826358af4e9bdd0e2c1f31066e29fb3b86cf1c7f8dc8267c1e7e2fa8ad200dfba313155f0e5c81a', 'Proof Reader', UUID('2e0658ce-894c-443b-91b8-d8415a21dba4'))]
(Background on this error at: https://sqlalche.me/e/14/rvf5)
Traceback (most recent call last):
  File "C:\Users\Adefolahan\miniconda3\envs\blog\lib\site-packages\sqlalchemy\engine\base.py", line 1900, in _execute_context
    self.dialect.do_execute(
  File "C:\Users\Adefolahan\miniconda3\envs\blog\lib\site-packages\sqlalchemy\engine\default.py", line 736, in do_execute
    cursor.execute(statement, parameters)
sqlite3.InterfaceError: Error binding parameter 4 - probably unsupported type.

The above exception was the direct cause of the following exception:

Traceback (most recent call last):
  File "C:\Users\Adefolahan\Downloads\WA_AGRO-20221218T221833Z-001\BLOG\app\model.py", line 101, in add_blogger
    db.session.commit()
  File "<string>", line 2, in commit
  File "C:\Users\Adefolahan\miniconda3\envs\blog\lib\site-packages\sqlalchemy\orm\session.py", line 1451, in commit
    self._transaction.commit(_to_root=self.future)
  File "C:\Users\Adefolahan\miniconda3\envs\blog\lib\site-packages\sqlalchemy\orm\session.py", line 829, in commit
    self._prepare_impl()
  File "C:\Users\Adefolahan\miniconda3\envs\blog\lib\site-packages\sqlalchemy\orm\session.py", line 808, in _prepare_impl
    self.session.flush()
  File "C:\Users\Adefolahan\miniconda3\envs\blog\lib\site-packages\sqlalchemy\orm\session.py", line 3444, in flush
    self._flush(objects)
  File "C:\Users\Adefolahan\miniconda3\envs\blog\lib\site-packages\sqlalchemy\orm\session.py", line 3584, in _flush
    transaction.rollback(_capture_exception=True)
  File "C:\Users\Adefolahan\miniconda3\envs\blog\lib\site-packages\sqlalchemy\util\langhelpers.py", line 70, in __exit__
    compat.raise_(
  File "C:\Users\Adefolahan\miniconda3\envs\blog\lib\site-packages\sqlalchemy\util\compat.py", line 211, in raise_
    raise exception
  File "C:\Users\Adefolahan\miniconda3\envs\blog\lib\site-packages\sqlalchemy\orm\session.py", line 3544, in _flush
    flush_context.execute()
  File "C:\Users\Adefolahan\miniconda3\envs\blog\lib\site-packages\sqlalchemy\orm\unitofwork.py", line 456, in execute
    rec.execute(self)
  File "C:\Users\Adefolahan\miniconda3\envs\blog\lib\site-packages\sqlalchemy\orm\unitofwork.py", line 630, in execute
    util.preloaded.orm_persistence.save_obj(
  File "C:\Users\Adefolahan\miniconda3\envs\blog\lib\site-packages\sqlalchemy\orm\persistence.py", line 245, in save_obj
    _emit_insert_statements(
  File "C:\Users\Adefolahan\miniconda3\envs\blog\lib\site-packages\sqlalchemy\orm\persistence.py", line 1238, in _emit_insert_statements
    result = connection._execute_20(
  File "C:\Users\Adefolahan\miniconda3\envs\blog\lib\site-packages\sqlalchemy\engine\base.py", line 1705, in _execute_20
    return meth(self, args_10style, kwargs_10style, execution_options)
  File "C:\Users\Adefolahan\miniconda3\envs\blog\lib\site-packages\sqlalchemy\sql\elements.py", line 334, in _execute_on_connection
    return connection._execute_clauseelement(
  File "C:\Users\Adefolahan\miniconda3\envs\blog\lib\site-packages\sqlalchemy\engine\base.py", line 1572, in _execute_clauseelement
    ret = self._execute_context(
  File "C:\Users\Adefolahan\miniconda3\envs\blog\lib\site-packages\sqlalchemy\engine\base.py", line 1943, in _execute_context
    self._handle_dbapi_exception(
  File "C:\Users\Adefolahan\miniconda3\envs\blog\lib\site-packages\sqlalchemy\engine\base.py", line 2124, in _handle_dbapi_exception
    util.raise_(
  File "C:\Users\Adefolahan\miniconda3\envs\blog\lib\site-packages\sqlalchemy\util\compat.py", line 211, in raise_
    raise exception
  File "C:\Users\Adefolahan\miniconda3\envs\blog\lib\site-packages\sqlalchemy\engine\base.py", line 1900, in _execute_context
    self.dialect.do_execute(
  File "C:\Users\Adefolahan\miniconda3\envs\blog\lib\site-packages\sqlalchemy\engine\default.py", line 736, in do_execute
    cursor.execute(statement, parameters)
sqlalchemy.exc.InterfaceError: (sqlite3.InterfaceError) Error binding parameter 4 - probably unsupported type.
[SQL: INSERT INTO blogger ("Name", "Email", "Password", "Position", "Blogger_id") VALUES (?, ?, ?, ?, ?)]
[parameters: ('Adefolahan Akinsola', 'adefolahanakinsola@gmail.com', 'pbkdf2:sha512:80000$kpjJDdEmxF2bHQt4$24499a6f91cfaed5496056e2f1e05b77aa78fc6a710c57ea5826358af4e9bdd0e2c1f31066e29fb3b86cf1c7f8dc8267c1e7e2fa8ad200dfba313155f0e5c81a', 'Proof Reader', UUID('2e0658ce-894c-443b-91b8-d8415a21dba4'))]
(Background on this error at: https://sqlalche.me/e/14/rvf5)
2022-12-22 00:32:44,523:DEBUG::
2022-12-22 00:32:44,524:DEBUG::====================================================================================================
2022-12-22 00:32:44,524:INFO::Database logger :: Logging Active
2022-12-22 00:32:44,525:DEBUG::
2022-12-22 00:32:45,840:DEBUG::
2022-12-22 00:32:45,841:DEBUG::====================================================================================================
2022-12-22 00:32:45,841:INFO::Database logger :: Logging Active
2022-12-22 00:32:45,842:DEBUG::
2022-12-22 00:34:03,274:DEBUG::
2022-12-22 00:34:03,275:DEBUG::====================================================================================================
2022-12-22 00:34:03,276:INFO::Database logger :: Logging Active
2022-12-22 00:34:03,276:DEBUG::
2022-12-22 00:44:17,887:DEBUG::
2022-12-22 00:44:17,888:DEBUG::====================================================================================================
2022-12-22 00:44:17,888:INFO::Database logger :: Logging Active
2022-12-22 00:44:17,889:DEBUG::
2022-12-22 00:46:19,254:DEBUG::
2022-12-22 00:46:19,254:DEBUG::====================================================================================================
2022-12-22 00:46:19,255:INFO::Database logger :: Logging Active
2022-12-22 00:46:19,255:DEBUG::
2022-12-22 00:47:29,429:DEBUG::
2022-12-22 00:47:29,429:DEBUG::====================================================================================================
2022-12-22 00:47:29,430:INFO::Database logger :: Logging Active
2022-12-22 00:47:29,430:DEBUG::
2022-12-22 00:47:43,089:DEBUG::
2022-12-22 00:47:43,090:DEBUG::====================================================================================================
2022-12-22 00:47:43,090:INFO::Database logger :: Logging Active
2022-12-22 00:47:43,091:DEBUG::
2022-12-22 00:48:12,626:DEBUG::
2022-12-22 00:48:12,626:DEBUG::====================================================================================================
2022-12-22 00:48:12,627:INFO::Database logger :: Logging Active
2022-12-22 00:48:12,627:DEBUG::
2022-12-22 00:48:30,679:DEBUG::
2022-12-22 00:48:30,680:DEBUG::====================================================================================================
2022-12-22 00:48:30,680:INFO::Database logger :: Logging Active
2022-12-22 00:48:30,680:DEBUG::
2022-12-22 00:52:48,079:DEBUG::
2022-12-22 00:52:48,079:DEBUG::====================================================================================================
2022-12-22 00:52:48,080:INFO::Database logger :: Logging Active
2022-12-22 00:52:48,080:DEBUG::
2022-12-22 00:53:03,707:DEBUG::
2022-12-22 00:53:03,707:DEBUG::====================================================================================================
2022-12-22 00:53:03,708:INFO::Database logger :: Logging Active
2022-12-22 00:53:03,708:DEBUG::
2022-12-22 00:53:28,317:DEBUG::
2022-12-22 00:53:28,317:DEBUG::====================================================================================================
2022-12-22 00:53:28,318:INFO::Database logger :: Logging Active
2022-12-22 00:53:28,318:DEBUG::
2022-12-22 00:58:56,835:DEBUG::
2022-12-22 00:58:56,835:DEBUG::====================================================================================================
2022-12-22 00:58:56,836:INFO::Database logger :: Logging Active
2022-12-22 00:58:56,836:DEBUG::
2022-12-22 00:59:07,448:DEBUG::
2022-12-22 00:59:07,448:DEBUG::====================================================================================================
2022-12-22 00:59:07,448:INFO::Database logger :: Logging Active
2022-12-22 00:59:07,449:DEBUG::
2022-12-22 04:00:52,952:DEBUG::
2022-12-22 04:00:52,953:DEBUG::====================================================================================================
2022-12-22 04:00:52,953:INFO::Database logger :: Logging Active
2022-12-22 04:00:52,953:DEBUG::
2022-12-22 04:00:54,271:DEBUG::
2022-12-22 04:00:54,272:DEBUG::====================================================================================================
2022-12-22 04:00:54,272:INFO::Database logger :: Logging Active
2022-12-22 04:00:54,272:DEBUG::
2022-12-22 04:03:15,345:DEBUG::
2022-12-22 04:03:15,345:DEBUG::====================================================================================================
2022-12-22 04:03:15,346:INFO::Database logger :: Logging Active
2022-12-22 04:03:15,346:DEBUG::
2022-12-22 04:03:16,607:DEBUG::
2022-12-22 04:03:16,607:DEBUG::====================================================================================================
2022-12-22 04:03:16,608:INFO::Database logger :: Logging Active
2022-12-22 04:03:16,608:DEBUG::
2022-12-22 04:36:11,599:DEBUG::
2022-12-22 04:36:11,599:DEBUG::====================================================================================================
2022-12-22 04:36:11,600:INFO::Database logger :: Logging Active
2022-12-22 04:36:11,600:DEBUG::
2022-12-22 04:42:53,886:DEBUG::
2022-12-22 04:42:53,886:DEBUG::====================================================================================================
2022-12-22 04:42:53,887:INFO::Database logger :: Logging Active
2022-12-22 04:42:53,887:DEBUG::
2022-12-22 04:43:02,305:DEBUG::
2022-12-22 04:43:02,306:DEBUG::====================================================================================================
2022-12-22 04:43:02,306:INFO::Database logger :: Logging Active
2022-12-22 04:43:02,306:DEBUG::
2022-12-22 04:43:13,803:DEBUG::
2022-12-22 04:43:13,803:DEBUG::====================================================================================================
2022-12-22 04:43:13,804:INFO::Database logger :: Logging Active
2022-12-22 04:43:13,804:DEBUG::
2022-12-22 04:43:25,298:DEBUG::
2022-12-22 04:43:25,299:DEBUG::====================================================================================================
2022-12-22 04:43:25,299:INFO::Database logger :: Logging Active
2022-12-22 04:43:25,299:DEBUG::
2022-12-22 04:44:24,401:DEBUG::
2022-12-22 04:44:24,402:DEBUG::====================================================================================================
2022-12-22 04:44:24,402:INFO::Database logger :: Logging Active
2022-12-22 04:44:24,402:DEBUG::
2022-12-22 23:25:52,557:DEBUG::
2022-12-22 23:25:52,557:DEBUG::====================================================================================================
2022-12-22 23:25:52,558:INFO::Database logger :: Logging Active
2022-12-22 23:25:52,558:DEBUG::
2022-12-22 23:29:11,536:DEBUG::
2022-12-22 23:29:11,537:DEBUG::====================================================================================================
2022-12-22 23:29:11,537:INFO::Database logger :: Logging Active
2022-12-22 23:29:11,537:DEBUG::
2022-12-22 23:29:24,768:DEBUG::
2022-12-22 23:29:24,768:DEBUG::====================================================================================================
2022-12-22 23:29:24,769:INFO::Database logger :: Logging Active
2022-12-22 23:29:24,769:DEBUG::
2022-12-22 23:46:56,384:DEBUG::
2022-12-22 23:46:56,384:DEBUG::====================================================================================================
2022-12-22 23:46:56,385:INFO::Database logger :: Logging Active
2022-12-22 23:46:56,385:DEBUG::
2022-12-22 23:47:14,597:DEBUG::
2022-12-22 23:47:14,597:DEBUG::====================================================================================================
2022-12-22 23:47:14,598:INFO::Database logger :: Logging Active
2022-12-22 23:47:14,598:DEBUG::
2022-12-22 23:47:47,176:DEBUG::
2022-12-22 23:47:47,177:DEBUG::====================================================================================================
2022-12-22 23:47:47,177:INFO::Database logger :: Logging Active
2022-12-22 23:47:47,178:DEBUG::
2022-12-22 23:47:57,455:DEBUG::
2022-12-22 23:47:57,456:DEBUG::====================================================================================================
2022-12-22 23:47:57,456:INFO::Database logger :: Logging Active
2022-12-22 23:47:57,457:DEBUG::
2022-12-22 23:49:26,197:DEBUG::
2022-12-22 23:49:26,197:DEBUG::====================================================================================================
2022-12-22 23:49:26,197:INFO::Database logger :: Logging Active
2022-12-22 23:49:26,198:DEBUG::
2022-12-22 23:49:27,398:DEBUG::
2022-12-22 23:49:27,398:DEBUG::====================================================================================================
2022-12-22 23:49:27,399:INFO::Database logger :: Logging Active
2022-12-22 23:49:27,400:DEBUG::
2022-12-22 23:51:04,050:DEBUG::
2022-12-22 23:51:04,051:DEBUG::====================================================================================================
2022-12-22 23:51:04,051:INFO::Database logger :: Logging Active
2022-12-22 23:51:04,051:DEBUG::
2022-12-22 23:51:38,151:DEBUG::
2022-12-22 23:51:38,151:DEBUG::====================================================================================================
2022-12-22 23:51:38,151:INFO::Database logger :: Logging Active
2022-12-22 23:51:38,152:DEBUG::
2022-12-22 23:52:59,455:DEBUG::
2022-12-22 23:52:59,456:DEBUG::====================================================================================================
2022-12-22 23:52:59,456:INFO::Database logger :: Logging Active
2022-12-22 23:52:59,457:DEBUG::
2022-12-22 23:53:50,110:DEBUG::
2022-12-22 23:53:50,111:DEBUG::====================================================================================================
2022-12-22 23:53:50,111:INFO::Database logger :: Logging Active
2022-12-22 23:53:50,112:DEBUG::
2022-12-23 00:12:00,144:DEBUG::
2022-12-23 00:12:00,144:DEBUG::====================================================================================================
2022-12-23 00:12:00,145:INFO::Database logger :: Logging Active
2022-12-23 00:12:00,145:DEBUG::
2022-12-23 00:12:11,663:DEBUG::
2022-12-23 00:12:11,664:DEBUG::====================================================================================================
2022-12-23 00:12:11,664:INFO::Database logger :: Logging Active
2022-12-23 00:12:11,665:DEBUG::
2022-12-23 00:12:30,484:DEBUG::
2022-12-23 00:12:30,485:DEBUG::====================================================================================================
2022-12-23 00:12:30,485:INFO::Database logger :: Logging Active
2022-12-23 00:12:30,486:DEBUG::
2022-12-23 00:16:30,538:DEBUG::
2022-12-23 00:16:30,538:DEBUG::====================================================================================================
2022-12-23 00:16:30,539:INFO::Database logger :: Logging Active
2022-12-23 00:16:30,539:DEBUG::
2022-12-23 00:20:28,409:DEBUG::
2022-12-23 00:20:28,410:DEBUG::====================================================================================================
2022-12-23 00:20:28,410:INFO::Database logger :: Logging Active
2022-12-23 00:20:28,410:DEBUG::
2022-12-23 00:41:53,138:DEBUG::
2022-12-23 00:41:53,138:DEBUG::====================================================================================================
2022-12-23 00:41:53,139:INFO::Database logger :: Logging Active
2022-12-23 00:41:53,139:DEBUG::
2022-12-23 00:47:17,963:DEBUG::
2022-12-23 00:47:17,963:DEBUG::====================================================================================================
2022-12-23 00:47:17,964:INFO::Database logger :: Logging Active
2022-12-23 00:47:17,964:DEBUG::
2022-12-23 00:47:41,344:DEBUG::
2022-12-23 00:47:41,345:DEBUG::====================================================================================================
2022-12-23 00:47:41,345:INFO::Database logger :: Logging Active
2022-12-23 00:47:41,345:DEBUG::
2022-12-23 00:47:42,549:DEBUG::
2022-12-23 00:47:42,549:DEBUG::====================================================================================================
2022-12-23 00:47:42,550:INFO::Database logger :: Logging Active
2022-12-23 00:47:42,550:DEBUG::
2022-12-23 00:55:19,701:DEBUG::
2022-12-23 00:55:19,701:DEBUG::====================================================================================================
2022-12-23 00:55:19,702:INFO::Database logger :: Logging Active
2022-12-23 00:55:19,702:DEBUG::
2022-12-23 00:56:09,177:DEBUG::
2022-12-23 00:56:09,177:DEBUG::====================================================================================================
2022-12-23 00:56:09,178:INFO::Database logger :: Logging Active
2022-12-23 00:56:09,178:DEBUG::
2022-12-23 00:56:24,848:DEBUG::
2022-12-23 00:56:24,848:DEBUG::====================================================================================================
2022-12-23 00:56:24,849:INFO::Database logger :: Logging Active
2022-12-23 00:56:24,849:DEBUG::
2022-12-23 00:56:51,829:DEBUG::
2022-12-23 00:56:51,830:DEBUG::====================================================================================================
2022-12-23 00:56:51,830:INFO::Database logger :: Logging Active
2022-12-23 00:56:51,831:DEBUG::
2022-12-23 00:57:00,351:DEBUG::
2022-12-23 00:57:00,351:DEBUG::====================================================================================================
2022-12-23 00:57:00,352:INFO::Database logger :: Logging Active
2022-12-23 00:57:00,352:DEBUG::
2022-12-23 00:58:33,889:DEBUG::
2022-12-23 00:58:33,889:DEBUG::====================================================================================================
2022-12-23 00:58:33,890:INFO::Database logger :: Logging Active
2022-12-23 00:58:33,890:DEBUG::
2022-12-23 00:58:44,374:DEBUG::
2022-12-23 00:58:44,374:DEBUG::====================================================================================================
2022-12-23 00:58:44,375:INFO::Database logger :: Logging Active
2022-12-23 00:58:44,375:DEBUG::
2022-12-23 01:00:44,551:DEBUG::
2022-12-23 01:00:44,552:DEBUG::====================================================================================================
2022-12-23 01:00:44,552:INFO::Database logger :: Logging Active
2022-12-23 01:00:44,552:DEBUG::
2022-12-23 01:01:51,313:DEBUG::
2022-12-23 01:01:51,313:DEBUG::====================================================================================================
2022-12-23 01:01:51,314:INFO::Database logger :: Logging Active
2022-12-23 01:01:51,314:DEBUG::
2022-12-23 01:03:37,981:DEBUG::
2022-12-23 01:03:37,981:DEBUG::====================================================================================================
2022-12-23 01:03:37,981:INFO::Database logger :: Logging Active
2022-12-23 01:03:37,982:DEBUG::
2022-12-23 01:04:51,975:DEBUG::
2022-12-23 01:04:51,975:DEBUG::====================================================================================================
2022-12-23 01:04:51,976:INFO::Database logger :: Logging Active
2022-12-23 01:04:51,976:DEBUG::
2022-12-23 01:05:12,880:DEBUG::
2022-12-23 01:05:12,880:DEBUG::====================================================================================================
2022-12-23 01:05:12,881:INFO::Database logger :: Logging Active
2022-12-23 01:05:12,882:DEBUG::
2022-12-23 01:12:30,350:DEBUG::
2022-12-23 01:12:30,350:DEBUG::====================================================================================================
2022-12-23 01:12:30,351:INFO::Database logger :: Logging Active
2022-12-23 01:12:30,351:DEBUG::
2022-12-23 01:14:24,420:DEBUG::
2022-12-23 01:14:24,421:DEBUG::====================================================================================================
2022-12-23 01:14:24,421:INFO::Database logger :: Logging Active
2022-12-23 01:14:24,422:DEBUG::
2022-12-23 01:14:29,952:DEBUG::
2022-12-23 01:14:29,953:DEBUG::====================================================================================================
2022-12-23 01:14:29,953:INFO::Database logger :: Logging Active
2022-12-23 01:14:29,953:DEBUG::
2022-12-23 01:16:21,885:DEBUG::
2022-12-23 01:16:21,885:DEBUG::====================================================================================================
2022-12-23 01:16:21,885:INFO::Database logger :: Logging Active
2022-12-23 01:16:21,885:DEBUG::
2022-12-23 01:18:48,756:DEBUG::
2022-12-23 01:18:48,757:DEBUG::====================================================================================================
2022-12-23 01:18:48,757:INFO::Database logger :: Logging Active
2022-12-23 01:18:48,758:DEBUG::
2022-12-23 01:19:46,828:DEBUG::
2022-12-23 01:19:46,828:DEBUG::====================================================================================================
2022-12-23 01:19:46,829:INFO::Database logger :: Logging Active
2022-12-23 01:19:46,829:DEBUG::
2022-12-23 01:19:48,112:DEBUG::
2022-12-23 01:19:48,112:DEBUG::====================================================================================================
2022-12-23 01:19:48,113:INFO::Database logger :: Logging Active
2022-12-23 01:19:48,113:DEBUG::
2022-12-23 03:54:01,129:DEBUG::
2022-12-23 03:54:01,129:DEBUG::====================================================================================================
2022-12-23 03:54:01,130:INFO::Database logger :: Logging Active
2022-12-23 03:54:01,130:DEBUG::
2022-12-23 03:54:08,718:DEBUG::
2022-12-23 03:54:08,718:DEBUG::====================================================================================================
2022-12-23 03:54:08,718:INFO::Database logger :: Logging Active
2022-12-23 03:54:08,719:DEBUG::
2022-12-23 04:00:08,420:DEBUG::
2022-12-23 04:00:08,421:DEBUG::====================================================================================================
2022-12-23 04:00:08,421:INFO::Database logger :: Logging Active
2022-12-23 04:00:08,422:DEBUG::
2022-12-23 04:00:45,640:DEBUG::
2022-12-23 04:00:45,641:DEBUG::====================================================================================================
2022-12-23 04:00:45,641:INFO::Database logger :: Logging Active
2022-12-23 04:00:45,642:DEBUG::
2022-12-23 04:03:35,008:DEBUG::
2022-12-23 04:03:35,008:DEBUG::====================================================================================================
2022-12-23 04:03:35,008:INFO::Database logger :: Logging Active
2022-12-23 04:03:35,009:DEBUG::
2022-12-23 04:04:48,208:DEBUG::
2022-12-23 04:04:48,208:DEBUG::====================================================================================================
2022-12-23 04:04:48,209:INFO::Database logger :: Logging Active
2022-12-23 04:04:48,209:DEBUG::
2022-12-23 04:07:48,840:DEBUG::
2022-12-23 04:07:48,841:DEBUG::====================================================================================================
2022-12-23 04:07:48,841:INFO::Database logger :: Logging Active
2022-12-23 04:07:48,841:DEBUG::
2022-12-23 04:08:08,675:DEBUG::
2022-12-23 04:08:08,675:DEBUG::====================================================================================================
2022-12-23 04:08:08,676:INFO::Database logger :: Logging Active
2022-12-23 04:08:08,676:DEBUG::
2022-12-23 04:09:23,868:DEBUG::
2022-12-23 04:09:23,868:DEBUG::====================================================================================================
2022-12-23 04:09:23,869:INFO::Database logger :: Logging Active
2022-12-23 04:09:23,869:DEBUG::
2022-12-23 04:09:45,607:DEBUG::
2022-12-23 04:09:45,608:DEBUG::====================================================================================================
2022-12-23 04:09:45,608:INFO::Database logger :: Logging Active
2022-12-23 04:09:45,609:DEBUG::
2022-12-23 04:10:05,664:DEBUG::
2022-12-23 04:10:05,664:DEBUG::====================================================================================================
2022-12-23 04:10:05,665:INFO::Database logger :: Logging Active
2022-12-23 04:10:05,665:DEBUG::
2022-12-23 04:10:06,999:DEBUG::
2022-12-23 04:10:06,999:DEBUG::====================================================================================================
2022-12-23 04:10:07,000:INFO::Database logger :: Logging Active
2022-12-23 04:10:07,000:DEBUG::
2022-12-23 04:11:13,955:DEBUG::
2022-12-23 04:11:13,956:DEBUG::====================================================================================================
2022-12-23 04:11:13,956:INFO::Database logger :: Logging Active
2022-12-23 04:11:13,956:DEBUG::
2022-12-23 04:12:08,568:DEBUG::
2022-12-23 04:12:08,569:DEBUG::====================================================================================================
2022-12-23 04:12:08,569:INFO::Database logger :: Logging Active
2022-12-23 04:12:08,570:DEBUG::
2022-12-23 04:17:16,051:DEBUG::
2022-12-23 04:17:16,051:DEBUG::====================================================================================================
2022-12-23 04:17:16,052:INFO::Database logger :: Logging Active
2022-12-23 04:17:16,052:DEBUG::
2022-12-23 04:17:32,811:DEBUG::
2022-12-23 04:17:32,811:DEBUG::====================================================================================================
2022-12-23 04:17:32,811:INFO::Database logger :: Logging Active
2022-12-23 04:17:32,812:DEBUG::
2022-12-23 04:17:35,216:DEBUG::
2022-12-23 04:17:35,216:DEBUG::====================================================================================================
2022-12-23 04:17:35,217:INFO::Database logger :: Logging Active
2022-12-23 04:17:35,217:DEBUG::
2022-12-23 04:19:02,725:DEBUG::
2022-12-23 04:19:02,725:DEBUG::====================================================================================================
2022-12-23 04:19:02,726:INFO::Database logger :: Logging Active
2022-12-23 04:19:02,726:DEBUG::
2022-12-23 04:19:09,142:DEBUG::
2022-12-23 04:19:09,142:DEBUG::====================================================================================================
2022-12-23 04:19:09,143:INFO::Database logger :: Logging Active
2022-12-23 04:19:09,143:DEBUG::
2022-12-23 04:25:37,045:DEBUG::
2022-12-23 04:25:37,045:DEBUG::====================================================================================================
2022-12-23 04:25:37,046:INFO::Database logger :: Logging Active
2022-12-23 04:25:37,046:DEBUG::
2022-12-23 04:27:48,440:DEBUG::
2022-12-23 04:27:48,440:DEBUG::====================================================================================================
2022-12-23 04:27:48,441:INFO::Database logger :: Logging Active
2022-12-23 04:27:48,441:DEBUG::
2022-12-23 04:33:49,275:DEBUG::
2022-12-23 04:33:49,276:DEBUG::====================================================================================================
2022-12-23 04:33:49,276:INFO::Database logger :: Logging Active
2022-12-23 04:33:49,276:DEBUG::
2022-12-23 04:34:21,294:DEBUG::
2022-12-23 04:34:21,294:DEBUG::====================================================================================================
2022-12-23 04:34:21,295:INFO::Database logger :: Logging Active
2022-12-23 04:34:21,295:DEBUG::
2022-12-23 04:35:24,072:DEBUG::
2022-12-23 04:35:24,072:DEBUG::====================================================================================================
2022-12-23 04:35:24,072:INFO::Database logger :: Logging Active
2022-12-23 04:35:24,072:DEBUG::
2022-12-23 04:38:08,109:DEBUG::
2022-12-23 04:38:08,109:DEBUG::====================================================================================================
2022-12-23 04:38:08,110:INFO::Database logger :: Logging Active
2022-12-23 04:38:08,110:DEBUG::
2022-12-23 04:39:03,721:DEBUG::
2022-12-23 04:39:03,722:DEBUG::====================================================================================================
2022-12-23 04:39:03,722:INFO::Database logger :: Logging Active
2022-12-23 04:39:03,723:DEBUG::
2022-12-23 13:25:23,482:DEBUG::
2022-12-23 13:25:23,483:DEBUG::====================================================================================================
2022-12-23 13:25:23,483:INFO::Database logger :: Logging Active
2022-12-23 13:25:23,483:DEBUG::
2022-12-23 13:25:56,565:DEBUG::
2022-12-23 13:25:56,565:DEBUG::====================================================================================================
2022-12-23 13:25:56,565:INFO::Database logger :: Logging Active
2022-12-23 13:25:56,566:DEBUG::
2022-12-23 13:26:36,857:DEBUG::
2022-12-23 13:26:36,857:DEBUG::====================================================================================================
2022-12-23 13:26:36,858:INFO::Database logger :: Logging Active
2022-12-23 13:26:36,858:DEBUG::
2022-12-23 13:28:32,516:DEBUG::
2022-12-23 13:28:32,516:DEBUG::====================================================================================================
2022-12-23 13:28:32,517:INFO::Database logger :: Logging Active
2022-12-23 13:28:32,517:DEBUG::
2022-12-23 13:28:33,763:DEBUG::
2022-12-23 13:28:33,764:DEBUG::====================================================================================================
2022-12-23 13:28:33,765:INFO::Database logger :: Logging Active
2022-12-23 13:28:33,765:DEBUG::
2022-12-24 00:17:46,035:DEBUG::
2022-12-24 00:17:46,035:DEBUG::====================================================================================================
2022-12-24 00:17:46,036:INFO::Database logger :: Logging Active
2022-12-24 00:17:46,036:DEBUG::
2022-12-24 00:17:47,371:DEBUG::
2022-12-24 00:17:47,372:DEBUG::====================================================================================================
2022-12-24 00:17:47,372:INFO::Database logger :: Logging Active
2022-12-24 00:17:47,373:DEBUG::
2022-12-24 00:20:02,013:DEBUG::
2022-12-24 00:20:02,013:DEBUG::====================================================================================================
2022-12-24 00:20:02,014:INFO::Database logger :: Logging Active
2022-12-24 00:20:02,014:DEBUG::
2022-12-24 00:20:54,545:DEBUG::
2022-12-24 00:20:54,545:DEBUG::====================================================================================================
2022-12-24 00:20:54,546:INFO::Database logger :: Logging Active
2022-12-24 00:20:54,546:DEBUG::
2022-12-24 00:21:57,372:DEBUG::
2022-12-24 00:21:57,373:DEBUG::====================================================================================================
2022-12-24 00:21:57,373:INFO::Database logger :: Logging Active
2022-12-24 00:21:57,373:DEBUG::
2022-12-24 00:23:35,856:DEBUG::
2022-12-24 00:23:35,857:DEBUG::====================================================================================================
2022-12-24 00:23:35,857:INFO::Database logger :: Logging Active
2022-12-24 00:23:35,858:DEBUG::
2022-12-24 00:25:35,711:DEBUG::
2022-12-24 00:25:35,711:DEBUG::====================================================================================================
2022-12-24 00:25:35,712:INFO::Database logger :: Logging Active
2022-12-24 00:25:35,712:DEBUG::
2022-12-24 00:25:42,352:DEBUG::
2022-12-24 00:25:42,352:DEBUG::====================================================================================================
2022-12-24 00:25:42,352:INFO::Database logger :: Logging Active
2022-12-24 00:25:42,353:DEBUG::
2022-12-24 00:26:05,340:DEBUG::
2022-12-24 00:26:05,340:DEBUG::====================================================================================================
2022-12-24 00:26:05,340:INFO::Database logger :: Logging Active
2022-12-24 00:26:05,341:DEBUG::
2022-12-24 00:27:32,793:DEBUG::
2022-12-24 00:27:32,793:DEBUG::====================================================================================================
2022-12-24 00:27:32,794:INFO::Database logger :: Logging Active
2022-12-24 00:27:32,794:DEBUG::
2022-12-24 00:29:14,528:DEBUG::
2022-12-24 00:29:14,528:DEBUG::====================================================================================================
2022-12-24 00:29:14,529:INFO::Database logger :: Logging Active
2022-12-24 00:29:14,529:DEBUG::
2022-12-24 00:36:32,176:DEBUG::
2022-12-24 00:36:32,176:DEBUG::====================================================================================================
2022-12-24 00:36:32,177:INFO::Database logger :: Logging Active
2022-12-24 00:36:32,177:DEBUG::
2022-12-24 00:37:17,637:DEBUG::
2022-12-24 00:37:17,637:DEBUG::====================================================================================================
2022-12-24 00:37:17,638:INFO::Database logger :: Logging Active
2022-12-24 00:37:17,638:DEBUG::
2022-12-24 00:45:17,212:DEBUG::
2022-12-24 00:45:17,213:DEBUG::====================================================================================================
2022-12-24 00:45:17,213:INFO::Database logger :: Logging Active
2022-12-24 00:45:17,214:DEBUG::
2022-12-24 00:46:22,387:DEBUG::
2022-12-24 00:46:22,387:DEBUG::====================================================================================================
2022-12-24 00:46:22,388:INFO::Database logger :: Logging Active
2022-12-24 00:46:22,388:DEBUG::
2022-12-24 00:46:23,730:DEBUG::
2022-12-24 00:46:23,730:DEBUG::====================================================================================================
2022-12-24 00:46:23,731:INFO::Database logger :: Logging Active
2022-12-24 00:46:23,732:DEBUG::
2022-12-24 00:46:49,599:DEBUG::
2022-12-24 00:46:49,599:DEBUG::====================================================================================================
2022-12-24 00:46:49,600:INFO::Database logger :: Logging Active
2022-12-24 00:46:49,600:DEBUG::
2022-12-24 00:47:04,934:DEBUG::
2022-12-24 00:47:04,935:DEBUG::====================================================================================================
2022-12-24 00:47:04,935:INFO::Database logger :: Logging Active
2022-12-24 00:47:04,936:DEBUG::
2022-12-24 00:47:06,297:DEBUG::
2022-12-24 00:47:06,298:DEBUG::====================================================================================================
2022-12-24 00:47:06,298:INFO::Database logger :: Logging Active
2022-12-24 00:47:06,298:DEBUG::
2022-12-24 00:47:47,411:DEBUG::
2022-12-24 00:47:47,411:DEBUG::====================================================================================================
2022-12-24 00:47:47,412:INFO::Database logger :: Logging Active
2022-12-24 00:47:47,412:DEBUG::
2022-12-24 00:48:31,735:DEBUG::
2022-12-24 00:48:31,736:DEBUG::====================================================================================================
2022-12-24 00:48:31,736:INFO::Database logger :: Logging Active
2022-12-24 00:48:31,737:DEBUG::
2022-12-24 00:48:48,761:DEBUG::
2022-12-24 00:48:48,762:DEBUG::====================================================================================================
2022-12-24 00:48:48,763:INFO::Database logger :: Logging Active
2022-12-24 00:48:48,764:DEBUG::
2022-12-24 00:48:50,059:DEBUG::
2022-12-24 00:48:50,060:DEBUG::====================================================================================================
2022-12-24 00:48:50,060:INFO::Database logger :: Logging Active
2022-12-24 00:48:50,061:DEBUG::
2022-12-24 00:49:19,955:DEBUG::
2022-12-24 00:49:19,955:DEBUG::====================================================================================================
2022-12-24 00:49:19,956:INFO::Database logger :: Logging Active
2022-12-24 00:49:19,956:DEBUG::
2022-12-24 00:49:40,810:DEBUG::
2022-12-24 00:49:40,810:DEBUG::====================================================================================================
2022-12-24 00:49:40,811:INFO::Database logger :: Logging Active
2022-12-24 00:49:40,811:DEBUG::
2022-12-26 15:48:40,075:DEBUG::
2022-12-26 15:48:40,076:DEBUG::====================================================================================================
2022-12-26 15:48:40,076:INFO::Database logger :: Logging Active
2022-12-26 15:48:40,077:DEBUG::
2022-12-26 15:48:41,407:DEBUG::
2022-12-26 15:48:41,407:DEBUG::====================================================================================================
2022-12-26 15:48:41,408:INFO::Database logger :: Logging Active
2022-12-26 15:48:41,408:DEBUG::
2022-12-27 18:15:02,537:DEBUG::
2022-12-27 18:15:02,537:DEBUG::====================================================================================================
2022-12-27 18:15:02,538:INFO::Database logger :: Logging Active
2022-12-27 18:15:02,538:DEBUG::
2022-12-27 18:15:32,866:DEBUG::
2022-12-27 18:15:32,867:DEBUG::====================================================================================================
2022-12-27 18:15:32,867:INFO::Database logger :: Logging Active
2022-12-27 18:15:32,867:DEBUG::
2022-12-27 18:16:54,515:DEBUG::
2022-12-27 18:16:54,515:DEBUG::====================================================================================================
2022-12-27 18:16:54,515:INFO::Database logger :: Logging Active
2022-12-27 18:16:54,516:DEBUG::
2022-12-27 18:17:01,991:DEBUG::
2022-12-27 18:17:01,991:DEBUG::====================================================================================================
2022-12-27 18:17:01,992:INFO::Database logger :: Logging Active
2022-12-27 18:17:01,992:DEBUG::
2022-12-27 18:20:46,680:DEBUG::
2022-12-27 18:20:46,680:DEBUG::====================================================================================================
2022-12-27 18:20:46,681:INFO::Database logger :: Logging Active
2022-12-27 18:20:46,681:DEBUG::
2022-12-27 18:20:47,979:DEBUG::
2022-12-27 18:20:47,979:DEBUG::====================================================================================================
2022-12-27 18:20:47,980:INFO::Database logger :: Logging Active
2022-12-27 18:20:47,980:DEBUG::
2022-12-27 18:53:33,406:DEBUG::
2022-12-27 18:53:33,406:DEBUG::====================================================================================================
2022-12-27 18:53:33,407:INFO::Database logger :: Logging Active
2022-12-27 18:53:33,407:DEBUG::
2022-12-27 19:23:28,902:DEBUG::
2022-12-27 19:23:28,903:DEBUG::====================================================================================================
2022-12-27 19:23:28,903:INFO::Database logger :: Logging Active
2022-12-27 19:23:28,904:DEBUG::
2022-12-27 19:25:14,631:DEBUG::
2022-12-27 19:25:14,632:DEBUG::====================================================================================================
2022-12-27 19:25:14,632:INFO::Database logger :: Logging Active
2022-12-27 19:25:14,633:DEBUG::
2022-12-27 19:25:37,585:DEBUG::
2022-12-27 19:25:37,585:DEBUG::====================================================================================================
2022-12-27 19:25:37,586:INFO::Database logger :: Logging Active
2022-12-27 19:25:37,586:DEBUG::
2022-12-27 19:30:21,676:DEBUG::
2022-12-27 19:30:21,676:DEBUG::====================================================================================================
2022-12-27 19:30:21,677:INFO::Database logger :: Logging Active
2022-12-27 19:30:21,677:DEBUG::
2022-12-27 19:30:46,718:DEBUG::
2022-12-27 19:30:46,719:DEBUG::====================================================================================================
2022-12-27 19:30:46,719:INFO::Database logger :: Logging Active
2022-12-27 19:30:46,720:DEBUG::
2022-12-27 19:46:55,494:DEBUG::
2022-12-27 19:46:55,494:DEBUG::====================================================================================================
2022-12-27 19:46:55,494:INFO::Database logger :: Logging Active
2022-12-27 19:46:55,495:DEBUG::
2022-12-27 20:19:17,285:DEBUG::
2022-12-27 20:19:17,285:DEBUG::====================================================================================================
2022-12-27 20:19:17,285:INFO::Database logger :: Logging Active
2022-12-27 20:19:17,286:DEBUG::
2022-12-27 20:23:31,356:DEBUG::
2022-12-27 20:23:31,356:DEBUG::====================================================================================================
2022-12-27 20:23:31,357:INFO::Database logger :: Logging Active
2022-12-27 20:23:31,357:DEBUG::
2022-12-27 20:23:32,651:DEBUG::
2022-12-27 20:23:32,651:DEBUG::====================================================================================================
2022-12-27 20:23:32,652:INFO::Database logger :: Logging Active
2022-12-27 20:23:32,652:DEBUG::
2022-12-27 20:39:20,742:DEBUG::
2022-12-27 20:39:20,742:DEBUG::====================================================================================================
2022-12-27 20:39:20,743:INFO::Database logger :: Logging Active
2022-12-27 20:39:20,743:DEBUG::
2022-12-27 20:42:57,132:DEBUG::
2022-12-27 20:42:57,132:DEBUG::====================================================================================================
2022-12-27 20:42:57,133:INFO::Database logger :: Logging Active
2022-12-27 20:42:57,133:DEBUG::
2022-12-27 20:47:04,704:DEBUG::
2022-12-27 20:47:04,705:DEBUG::====================================================================================================
2022-12-27 20:47:04,705:INFO::Database logger :: Logging Active
2022-12-27 20:47:04,706:DEBUG::
2022-12-27 20:47:16,409:DEBUG::
2022-12-27 20:47:16,409:DEBUG::====================================================================================================
2022-12-27 20:47:16,409:INFO::Database logger :: Logging Active
2022-12-27 20:47:16,410:DEBUG::
2022-12-28 01:08:31,364:DEBUG::
2022-12-28 01:08:31,364:DEBUG::====================================================================================================
2022-12-28 01:08:31,364:INFO::Database logger :: Logging Active
2022-12-28 01:08:31,365:DEBUG::
2022-12-28 01:09:48,645:DEBUG::
2022-12-28 01:09:48,646:DEBUG::====================================================================================================
2022-12-28 01:09:48,646:INFO::Database logger :: Logging Active
2022-12-28 01:09:48,647:DEBUG::
2022-12-28 01:13:38,934:DEBUG::
2022-12-28 01:13:38,934:DEBUG::====================================================================================================
2022-12-28 01:13:38,935:INFO::Database logger :: Logging Active
2022-12-28 01:13:38,935:DEBUG::
2022-12-28 01:13:49,669:DEBUG::
2022-12-28 01:13:49,669:DEBUG::====================================================================================================
2022-12-28 01:13:49,670:INFO::Database logger :: Logging Active
2022-12-28 01:13:49,670:DEBUG::
2022-12-28 01:16:42,302:DEBUG::
2022-12-28 01:16:42,302:DEBUG::====================================================================================================
2022-12-28 01:16:42,303:INFO::Database logger :: Logging Active
2022-12-28 01:16:42,303:DEBUG::
2022-12-28 01:17:06,396:DEBUG::
2022-12-28 01:17:06,397:DEBUG::====================================================================================================
2022-12-28 01:17:06,397:INFO::Database logger :: Logging Active
2022-12-28 01:17:06,398:DEBUG::
2022-12-28 01:17:07,669:DEBUG::
2022-12-28 01:17:07,670:DEBUG::====================================================================================================
2022-12-28 01:17:07,670:INFO::Database logger :: Logging Active
2022-12-28 01:17:07,671:DEBUG::
2022-12-28 01:18:26,955:DEBUG::
2022-12-28 01:18:26,955:DEBUG::====================================================================================================
2022-12-28 01:18:26,955:INFO::Database logger :: Logging Active
2022-12-28 01:18:26,956:DEBUG::
2022-12-28 01:18:28,280:DEBUG::
2022-12-28 01:18:28,281:DEBUG::====================================================================================================
2022-12-28 01:18:28,281:INFO::Database logger :: Logging Active
2022-12-28 01:18:28,282:DEBUG::
2022-12-28 01:19:08,686:DEBUG::
2022-12-28 01:19:08,687:DEBUG::====================================================================================================
2022-12-28 01:19:08,687:INFO::Database logger :: Logging Active
2022-12-28 01:19:08,688:DEBUG::
2022-12-28 01:19:41,853:DEBUG::
2022-12-28 01:19:41,853:DEBUG::====================================================================================================
2022-12-28 01:19:41,854:INFO::Database logger :: Logging Active
2022-12-28 01:19:41,854:DEBUG::
2022-12-28 01:20:00,701:DEBUG::
2022-12-28 01:20:00,702:DEBUG::====================================================================================================
2022-12-28 01:20:00,702:INFO::Database logger :: Logging Active
2022-12-28 01:20:00,703:DEBUG::
2022-12-28 01:20:37,935:DEBUG::
2022-12-28 01:20:37,935:DEBUG::====================================================================================================
2022-12-28 01:20:37,935:INFO::Database logger :: Logging Active
2022-12-28 01:20:37,936:DEBUG::
2022-12-28 01:24:42,352:DEBUG::
2022-12-28 01:24:42,353:DEBUG::====================================================================================================
2022-12-28 01:24:42,353:INFO::Database logger :: Logging Active
2022-12-28 01:24:42,354:DEBUG::
2022-12-28 01:24:43,678:DEBUG::
2022-12-28 01:24:43,679:DEBUG::====================================================================================================
2022-12-28 01:24:43,679:INFO::Database logger :: Logging Active
2022-12-28 01:24:43,680:DEBUG::
2022-12-28 01:26:19,123:DEBUG::
2022-12-28 01:26:19,123:DEBUG::====================================================================================================
2022-12-28 01:26:19,124:INFO::Database logger :: Logging Active
2022-12-28 01:26:19,124:DEBUG::
2022-12-28 01:32:28,721:DEBUG::
2022-12-28 01:32:28,721:DEBUG::====================================================================================================
2022-12-28 01:32:28,722:INFO::Database logger :: Logging Active
2022-12-28 01:32:28,722:DEBUG::
2022-12-28 01:50:56,491:DEBUG::
2022-12-28 01:50:56,491:DEBUG::====================================================================================================
2022-12-28 01:50:56,491:INFO::Database logger :: Logging Active
2022-12-28 01:50:56,492:DEBUG::
2022-12-28 01:51:56,267:DEBUG::
2022-12-28 01:51:56,268:DEBUG::====================================================================================================
2022-12-28 01:51:56,268:INFO::Database logger :: Logging Active
2022-12-28 01:51:56,268:DEBUG::
2022-12-28 01:52:29,506:DEBUG::
2022-12-28 01:52:29,507:DEBUG::====================================================================================================
2022-12-28 01:52:29,507:INFO::Database logger :: Logging Active
2022-12-28 01:52:29,508:DEBUG::
2022-12-28 01:52:35,115:DEBUG::
2022-12-28 01:52:35,116:DEBUG::====================================================================================================
2022-12-28 01:52:35,116:INFO::Database logger :: Logging Active
2022-12-28 01:52:35,117:DEBUG::
2022-12-28 02:27:08,283:DEBUG::
2022-12-28 02:27:08,284:DEBUG::====================================================================================================
2022-12-28 02:27:08,284:INFO::Database logger :: Logging Active
2022-12-28 02:27:08,284:DEBUG::
2022-12-28 05:22:44,832:DEBUG::
2022-12-28 05:22:44,833:DEBUG::====================================================================================================
2022-12-28 05:22:44,833:INFO::Database logger :: Logging Active
2022-12-28 05:22:44,834:DEBUG::
2022-12-28 05:22:47,425:DEBUG::
2022-12-28 05:22:47,425:DEBUG::====================================================================================================
2022-12-28 05:22:47,426:INFO::Database logger :: Logging Active
2022-12-28 05:22:47,426:DEBUG::
2022-12-28 05:26:13,244:DEBUG::
2022-12-28 05:26:13,244:DEBUG::====================================================================================================
2022-12-28 05:26:13,245:INFO::Database logger :: Logging Active
2022-12-28 05:26:13,245:DEBUG::
2022-12-28 05:28:12,071:DEBUG::
2022-12-28 05:28:12,072:DEBUG::====================================================================================================
2022-12-28 05:28:12,072:INFO::Database logger :: Logging Active
2022-12-28 05:28:12,072:DEBUG::
2022-12-28 18:31:12,458:DEBUG::
2022-12-28 18:31:12,459:DEBUG::====================================================================================================
2022-12-28 18:31:12,459:INFO::Database logger :: Logging Active
2022-12-28 18:31:12,459:DEBUG::
2022-12-29 00:38:36,118:DEBUG::
2022-12-29 00:38:36,119:DEBUG::====================================================================================================
2022-12-29 00:38:36,119:INFO::Database logger :: Logging Active
2022-12-29 00:38:36,120:DEBUG::
2022-12-29 00:38:37,822:DEBUG::
2022-12-29 00:38:37,822:DEBUG::====================================================================================================
2022-12-29 00:38:37,823:INFO::Database logger :: Logging Active
2022-12-29 00:38:37,823:DEBUG::
2022-12-29 00:45:13,141:DEBUG::
2022-12-29 00:45:13,141:DEBUG::====================================================================================================
2022-12-29 00:45:13,142:INFO::Database logger :: Logging Active
2022-12-29 00:45:13,143:DEBUG::
2022-12-29 00:47:34,511:DEBUG::
2022-12-29 00:47:34,511:DEBUG::====================================================================================================
2022-12-29 00:47:34,512:INFO::Database logger :: Logging Active
2022-12-29 00:47:34,512:DEBUG::
2022-12-29 00:47:46,847:DEBUG::
2022-12-29 00:47:46,848:DEBUG::====================================================================================================
2022-12-29 00:47:46,848:INFO::Database logger :: Logging Active
2022-12-29 00:47:46,849:DEBUG::
2022-12-29 00:47:48,054:DEBUG::
2022-12-29 00:47:48,054:DEBUG::====================================================================================================
2022-12-29 00:47:48,055:INFO::Database logger :: Logging Active
2022-12-29 00:47:48,055:DEBUG::
2022-12-29 00:48:14,769:DEBUG::
2022-12-29 00:48:14,769:DEBUG::====================================================================================================
2022-12-29 00:48:14,769:INFO::Database logger :: Logging Active
2022-12-29 00:48:14,770:DEBUG::
2022-12-29 01:00:14,811:DEBUG::
2022-12-29 01:00:14,811:DEBUG::====================================================================================================
2022-12-29 01:00:14,812:INFO::Database logger :: Logging Active
2022-12-29 01:00:14,812:DEBUG::
2022-12-29 01:00:16,023:DEBUG::
2022-12-29 01:00:16,023:DEBUG::====================================================================================================
2022-12-29 01:00:16,023:INFO::Database logger :: Logging Active
2022-12-29 01:00:16,024:DEBUG::
2022-12-29 01:17:02,297:DEBUG::
2022-12-29 01:17:02,298:DEBUG::====================================================================================================
2022-12-29 01:17:02,298:INFO::Database logger :: Logging Active
2022-12-29 01:17:02,298:DEBUG::
2022-12-29 01:17:26,012:DEBUG::
2022-12-29 01:17:26,012:DEBUG::====================================================================================================
2022-12-29 01:17:26,012:INFO::Database logger :: Logging Active
2022-12-29 01:17:26,013:DEBUG::
2022-12-29 01:18:18,185:DEBUG::
2022-12-29 01:18:18,185:DEBUG::====================================================================================================
2022-12-29 01:18:18,185:INFO::Database logger :: Logging Active
2022-12-29 01:18:18,186:DEBUG::
2022-12-29 01:20:38,657:DEBUG::
2022-12-29 01:20:38,657:DEBUG::====================================================================================================
2022-12-29 01:20:38,657:INFO::Database logger :: Logging Active
2022-12-29 01:20:38,658:DEBUG::
2022-12-29 01:24:57,080:DEBUG::
2022-12-29 01:24:57,080:DEBUG::====================================================================================================
2022-12-29 01:24:57,081:INFO::Database logger :: Logging Active
2022-12-29 01:24:57,081:DEBUG::
2022-12-29 01:25:06,564:DEBUG::
2022-12-29 01:25:06,564:DEBUG::====================================================================================================
2022-12-29 01:25:06,564:INFO::Database logger :: Logging Active
2022-12-29 01:25:06,565:DEBUG::
2022-12-29 01:26:18,017:DEBUG::
2022-12-29 01:26:18,017:DEBUG::====================================================================================================
2022-12-29 01:26:18,018:INFO::Database logger :: Logging Active
2022-12-29 01:26:18,018:DEBUG::
2022-12-29 01:36:37,426:DEBUG::
2022-12-29 01:36:37,427:DEBUG::====================================================================================================
2022-12-29 01:36:37,427:INFO::Database logger :: Logging Active
2022-12-29 01:36:37,428:DEBUG::
2022-12-29 01:36:41,826:DEBUG::
2022-12-29 01:36:41,826:DEBUG::====================================================================================================
2022-12-29 01:36:41,826:INFO::Database logger :: Logging Active
2022-12-29 01:36:41,827:DEBUG::
2022-12-29 01:38:25,653:DEBUG::
2022-12-29 01:38:25,654:DEBUG::====================================================================================================
2022-12-29 01:38:25,654:INFO::Database logger :: Logging Active
2022-12-29 01:38:25,654:DEBUG::
2022-12-29 01:39:33,100:DEBUG::
2022-12-29 01:39:33,100:DEBUG::====================================================================================================
2022-12-29 01:39:33,101:INFO::Database logger :: Logging Active
2022-12-29 01:39:33,101:DEBUG::
2022-12-29 01:43:43,954:DEBUG::
2022-12-29 01:43:43,955:DEBUG::====================================================================================================
2022-12-29 01:43:43,955:INFO::Database logger :: Logging Active
2022-12-29 01:43:43,955:DEBUG::
2022-12-29 01:44:35,259:DEBUG::
2022-12-29 01:44:35,259:DEBUG::====================================================================================================
2022-12-29 01:44:35,259:INFO::Database logger :: Logging Active
2022-12-29 01:44:35,260:DEBUG::
2022-12-29 01:45:06,586:ERROR::(sqlite3.InterfaceError) Error binding parameter 2 - probably unsupported type.
[SQL: INSERT INTO posts ("Category", "Post_Type", "Post_Uuid", "Content", "Title", is_draft, is_published, "Author_uid", "Date_Posted", "Videos", "Audios", "Images") VALUES (?, ?, ?, ?, ?, ?, ?, ?, ?, ?, ?, ?)]
[parameters: ('Test Category', 'undefined', UUID('37cde2d3-c740-4287-9eae-1b385fe39459'), '[object HTMLTextAreaElement]', '[object HTMLInputElement]', 1, 0, 'a0d7d6dc2e28453cb91490c4b33ca24d', '2022-12-29 01:45:06.579945', [], [], [])]
(Background on this error at: https://sqlalche.me/e/14/rvf5)
Traceback (most recent call last):
  File "C:\Users\Adefolahan\miniconda3\envs\blog\lib\site-packages\sqlalchemy\engine\base.py", line 1900, in _execute_context
    self.dialect.do_execute(
  File "C:\Users\Adefolahan\miniconda3\envs\blog\lib\site-packages\sqlalchemy\engine\default.py", line 736, in do_execute
    cursor.execute(statement, parameters)
sqlite3.InterfaceError: Error binding parameter 2 - probably unsupported type.

The above exception was the direct cause of the following exception:

Traceback (most recent call last):
  File "C:\Users\Adefolahan\Downloads\WA_AGRO-20221218T221833Z-001\BLOG\app\model.py", line 356, in add_post
    db.session.commit()
  File "<string>", line 2, in commit
  File "C:\Users\Adefolahan\miniconda3\envs\blog\lib\site-packages\sqlalchemy\orm\session.py", line 1451, in commit
    self._transaction.commit(_to_root=self.future)
  File "C:\Users\Adefolahan\miniconda3\envs\blog\lib\site-packages\sqlalchemy\orm\session.py", line 829, in commit
    self._prepare_impl()
  File "C:\Users\Adefolahan\miniconda3\envs\blog\lib\site-packages\sqlalchemy\orm\session.py", line 808, in _prepare_impl
    self.session.flush()
  File "C:\Users\Adefolahan\miniconda3\envs\blog\lib\site-packages\sqlalchemy\orm\session.py", line 3444, in flush
    self._flush(objects)
  File "C:\Users\Adefolahan\miniconda3\envs\blog\lib\site-packages\sqlalchemy\orm\session.py", line 3584, in _flush
    transaction.rollback(_capture_exception=True)
  File "C:\Users\Adefolahan\miniconda3\envs\blog\lib\site-packages\sqlalchemy\util\langhelpers.py", line 70, in __exit__
    compat.raise_(
  File "C:\Users\Adefolahan\miniconda3\envs\blog\lib\site-packages\sqlalchemy\util\compat.py", line 211, in raise_
    raise exception
  File "C:\Users\Adefolahan\miniconda3\envs\blog\lib\site-packages\sqlalchemy\orm\session.py", line 3544, in _flush
    flush_context.execute()
  File "C:\Users\Adefolahan\miniconda3\envs\blog\lib\site-packages\sqlalchemy\orm\unitofwork.py", line 456, in execute
    rec.execute(self)
  File "C:\Users\Adefolahan\miniconda3\envs\blog\lib\site-packages\sqlalchemy\orm\unitofwork.py", line 630, in execute
    util.preloaded.orm_persistence.save_obj(
  File "C:\Users\Adefolahan\miniconda3\envs\blog\lib\site-packages\sqlalchemy\orm\persistence.py", line 245, in save_obj
    _emit_insert_statements(
  File "C:\Users\Adefolahan\miniconda3\envs\blog\lib\site-packages\sqlalchemy\orm\persistence.py", line 1238, in _emit_insert_statements
    result = connection._execute_20(
  File "C:\Users\Adefolahan\miniconda3\envs\blog\lib\site-packages\sqlalchemy\engine\base.py", line 1705, in _execute_20
    return meth(self, args_10style, kwargs_10style, execution_options)
  File "C:\Users\Adefolahan\miniconda3\envs\blog\lib\site-packages\sqlalchemy\sql\elements.py", line 334, in _execute_on_connection
    return connection._execute_clauseelement(
  File "C:\Users\Adefolahan\miniconda3\envs\blog\lib\site-packages\sqlalchemy\engine\base.py", line 1572, in _execute_clauseelement
    ret = self._execute_context(
  File "C:\Users\Adefolahan\miniconda3\envs\blog\lib\site-packages\sqlalchemy\engine\base.py", line 1943, in _execute_context
    self._handle_dbapi_exception(
  File "C:\Users\Adefolahan\miniconda3\envs\blog\lib\site-packages\sqlalchemy\engine\base.py", line 2124, in _handle_dbapi_exception
    util.raise_(
  File "C:\Users\Adefolahan\miniconda3\envs\blog\lib\site-packages\sqlalchemy\util\compat.py", line 211, in raise_
    raise exception
  File "C:\Users\Adefolahan\miniconda3\envs\blog\lib\site-packages\sqlalchemy\engine\base.py", line 1900, in _execute_context
    self.dialect.do_execute(
  File "C:\Users\Adefolahan\miniconda3\envs\blog\lib\site-packages\sqlalchemy\engine\default.py", line 736, in do_execute
    cursor.execute(statement, parameters)
sqlalchemy.exc.InterfaceError: (sqlite3.InterfaceError) Error binding parameter 2 - probably unsupported type.
[SQL: INSERT INTO posts ("Category", "Post_Type", "Post_Uuid", "Content", "Title", is_draft, is_published, "Author_uid", "Date_Posted", "Videos", "Audios", "Images") VALUES (?, ?, ?, ?, ?, ?, ?, ?, ?, ?, ?, ?)]
[parameters: ('Test Category', 'undefined', UUID('37cde2d3-c740-4287-9eae-1b385fe39459'), '[object HTMLTextAreaElement]', '[object HTMLInputElement]', 1, 0, 'a0d7d6dc2e28453cb91490c4b33ca24d', '2022-12-29 01:45:06.579945', [], [], [])]
(Background on this error at: https://sqlalche.me/e/14/rvf5)
2022-12-29 01:45:52,932:DEBUG::
2022-12-29 01:45:52,933:DEBUG::====================================================================================================
2022-12-29 01:45:52,933:INFO::Database logger :: Logging Active
2022-12-29 01:45:52,933:DEBUG::
2022-12-29 01:46:21,441:DEBUG::
2022-12-29 01:46:21,443:DEBUG::====================================================================================================
2022-12-29 01:46:21,443:INFO::Database logger :: Logging Active
2022-12-29 01:46:21,443:DEBUG::
2022-12-29 01:46:26,027:DEBUG::
2022-12-29 01:46:26,028:DEBUG::====================================================================================================
2022-12-29 01:46:26,029:INFO::Database logger :: Logging Active
2022-12-29 01:46:26,030:DEBUG::
2022-12-29 01:47:48,261:DEBUG::
2022-12-29 01:47:48,261:DEBUG::====================================================================================================
2022-12-29 01:47:48,262:INFO::Database logger :: Logging Active
2022-12-29 01:47:48,262:DEBUG::
2022-12-29 01:50:12,149:DEBUG::
2022-12-29 01:50:12,150:DEBUG::====================================================================================================
2022-12-29 01:50:12,150:INFO::Database logger :: Logging Active
2022-12-29 01:50:12,150:DEBUG::
2022-12-29 01:50:21,380:DEBUG::
2022-12-29 01:50:21,381:DEBUG::====================================================================================================
2022-12-29 01:50:21,381:INFO::Database logger :: Logging Active
2022-12-29 01:50:21,381:DEBUG::
